<?xml version="1.0" encoding="UTF-8"?>
<!-- Generated by org.testng.reporters.JUnitXMLReporter -->
<testsuite ignored="0" hostname="DeepaaDeepak" failures="0" tests="14" name="Default test" time="71.78" errors="0" timestamp="2025-02-19T14:39:32 CST">
  <testcase classname="login1.LoginValid1" name="loginTest1" time="4.126"/>
  <testcase classname="login1.LoginValid1" name="setlogin" time="3.566"/>
  <testcase classname="login1.Products_Cart_Items" name="backpack" time="4.249"/>
  <testcase classname="login1.Products_Cart_Items" name="addtocartbpack" time="3.114"/>
  <testcase classname="login1.Products_Cart_Items" name="backprod" time="3.105"/>
  <testcase classname="login1.Products_Cart_Items" name="bikelight" time="5.123"/>
  <testcase classname="login1.Products_Cart_Items" name="addtocartlight" time="3.073"/>
  <testcase classname="login1.Products_Cart_Items" name="backprodl" time="4.115"/>
  <testcase classname="login1.Products_Cart_Items" name="boltTshirt" time="11.206"/>
  <testcase classname="login1.Products_Cart_Items" name="backprod2" time="0.076"/>
  <testcase classname="login1.Products_Cart_Items" name="redTshirt" time="11.197"/>
  <testcase classname="checkout1.CheckoutItems" name="cartIcon" time="3.098"/>
  <testcase classname="checkout1.CheckoutItems" name="checkout" time="3.103"/>
  <testcase classname="checkout1.CheckoutItems" name="checkoutInfo" time="12.501"/>
</testsuite> <!-- Default test -->
