<?xml version="1.0" encoding="UTF-8"?>
<!-- Generated by org.testng.reporters.JUnitXMLReporter -->
<testsuite ignored="0" hostname="DeepaaDeepak" failures="0" tests="29" name="Test" time="144.421" errors="0" timestamp="2025-02-22T17:42:35 CST">
  <testcase classname="demo1.UrlTest" name="testurl" time="6.701"/>
  <testcase classname="demo1.Setup" name="setlogin" time="3.544"/>
  <testcase classname="login1.LoginValid1" name="loginTest1" time="2.068"/>
  <testcase classname="login1.LoginValid1" name="setlogin" time="3.535"/>
  <testcase classname="login1.LoginValid1" name="loginTest1" time="1.869"/>
  <testcase classname="login1.LoginValid1" name="setlogin" time="3.555"/>
  <testcase classname="login1.Products_Cart_Items" name="backpack" time="4.279"/>
  <testcase classname="login1.Products_Cart_Items" name="addtocartbpack" time="3.096"/>
  <testcase classname="login1.Products_Cart_Items" name="backprod" time="3.119"/>
  <testcase classname="login1.Products_Cart_Items" name="bikelight" time="5.121"/>
  <testcase classname="login1.Products_Cart_Items" name="addtocartlight" time="3.096"/>
  <testcase classname="login1.Products_Cart_Items" name="backprodl" time="4.115"/>
  <testcase classname="login1.Products_Cart_Items" name="boltTshirt" time="11.219"/>
  <testcase classname="login1.Products_Cart_Items" name="backprod2" time="0.093"/>
  <testcase classname="login1.Products_Cart_Items" name="redTshirt" time="11.256"/>
  <testcase classname="login1.LoginValid1" name="loginTest1" time="1.778"/>
  <testcase classname="login1.LoginValid1" name="setlogin" time="3.648"/>
  <testcase classname="login1.Products_Cart_Items" name="backpack" time="4.352"/>
  <testcase classname="login1.Products_Cart_Items" name="addtocartbpack" time="3.096"/>
  <testcase classname="login1.Products_Cart_Items" name="backprod" time="3.142"/>
  <testcase classname="login1.Products_Cart_Items" name="bikelight" time="5.126"/>
  <testcase classname="login1.Products_Cart_Items" name="addtocartlight" time="3.086"/>
  <testcase classname="login1.Products_Cart_Items" name="backprodl" time="4.095"/>
  <testcase classname="login1.Products_Cart_Items" name="boltTshirt" time="11.206"/>
  <testcase classname="login1.Products_Cart_Items" name="backprod2" time="0.087"/>
  <testcase classname="login1.Products_Cart_Items" name="redTshirt" time="11.198"/>
  <testcase classname="checkout1.CheckoutItems" name="cartIcon" time="3.074"/>
  <testcase classname="checkout1.CheckoutItems" name="checkout" time="3.12"/>
  <testcase classname="checkout1.CheckoutItems" name="checkoutInfo" time="12.49"/>
</testsuite> <!-- Test -->
